{"name": "test_login_page_failed", "status": "failed", "statusDetails": {"message": "AssertionError: assert True == False\n +  where True = is_visible()\n +    where is_visible = <Locator frame=<Frame name= url='https://www.saucedemo.com/'> selector='.error-button'>.is_visible\n +      where <Locator frame=<Frame name= url='https://www.saucedemo.com/'> selector='.error-button'> = <pages.login_page.LoginPage object at 0x106b15ac0>.loginerror_message", "trace": "page = <Page url='https://www.saucedemo.com/'>\n\n    @allure.feature(\"Login Functionality\")\n    @allure.story(\"Failed Valid user Login\")\n    @allure.severity(allure.severity_level.NORMAL)\n    def test_login_page_failed(page):\n            login_page = LoginPage(page)\n            product_page = ProductPage(page)\n            login_page.navigate()\n            assert login_page.get_title() == \"Swag Labs\"\n            login_page.login(\"visual_user\",\"wrong_password\")\n            login_page.get_title() == \"Swag Labs\"\n>           assert login_page.loginerror_message.is_visible() == False\nE           AssertionError: assert True == False\nE            +  where True = is_visible()\nE            +    where is_visible = <Locator frame=<Frame name= url='https://www.saucedemo.com/'> selector='.error-button'>.is_visible\nE            +      where <Locator frame=<Frame name= url='https://www.saucedemo.com/'> selector='.error-button'> = <pages.login_page.LoginPage object at 0x106b15ac0>.loginerror_message\n\ntests/UI/login_page_test.py:48: AssertionError"}, "steps": [{"name": "Logging in with username: visual_user and password: wrong_password", "status": "passed", "start": 1771774943977, "stop": 1771774944010}, {"name": "Clicking login button", "status": "passed", "start": 1771774944010, "stop": 1771774944079}], "start": 1771774943605, "stop": 1771774944084, "uuid": "ffdb3323-3263-44d9-924c-484b2bd3aeaf", "historyId": "57870c62602564b8b549b9d67bdff9b7", "testCaseId": "57870c62602564b8b549b9d67bdff9b7", "fullName": "tests.UI.login_page_test#test_login_page_failed", "labels": [{"name": "story", "value": "Failed Valid user Login"}, {"name": "severity", "value": "normal"}, {"name": "feature", "value": "Login Functionality"}, {"name": "parentSuite", "value": "tests.UI"}, {"name": "suite", "value": "login_page_test"}, {"name": "host", "value": "Avinashs-MacBook-Pro.local"}, {"name": "thread", "value": "48969-MainThread"}, {"name": "framework", "value": "pytest"}, {"name": "language", "value": "cpython3"}, {"name": "package", "value": "tests.UI.login_page_test"}], "titlePath": ["tests", "UI", "login_page_test.py"]}